{"synthetic": false,
 "schemaVersion": "2025-09-10",
 "outputs":
 {"o": ["46efa41e1b82437b.olean"],
  "i": "37da0b389cdfe419.ilean",
  "c": "ede6e1db6f8597c0.c"},
 "log":
 [{"message":
   ".> LEAN_PATH=/home/repos/six-birds-no-go/lean/.lake/build/lib/lean /home/ioannis/.elan/toolchains/leanprover--lean4---v4.28.0/bin/lean /home/repos/six-birds-no-go/lean/SixBirdsNoGo/ArrowDPIExample.lean -o /home/repos/six-birds-no-go/lean/.lake/build/lib/lean/SixBirdsNoGo/ArrowDPIExample.olean -i /home/repos/six-birds-no-go/lean/.lake/build/lib/lean/SixBirdsNoGo/ArrowDPIExample.ilean -c /home/repos/six-birds-no-go/lean/.lake/build/ir/SixBirdsNoGo/ArrowDPIExample.c --setup /home/repos/six-birds-no-go/lean/.lake/build/ir/SixBirdsNoGo/ArrowDPIExample.setup.json --json",
   "level": "trace"}],
 "inputs":
 [["SixBirdsNoGo.ArrowDPIExample:deps",
   [["deps",
     [["sixbirdsnogo/SixBirdsNoGo:extraDep",
       [["@sixbirdsnogo:extraDep", "00000000000006bb"]]],
      ["imports",
       [["SixBirdsNoGo.ArrowDPI transitive imports (legacy)",
         "ba97e2a92758e12b"],
        ["SixBirdsNoGo.ArrowDPI:importAllArts", "bb727bbf8eafda44"],
        ["SixBirdsNoGo.FiniteKLDPIExample transitive imports (legacy)",
         "43b595d73cf236e7"],
        ["SixBirdsNoGo.FiniteKLDPIExample:importAllArts", "2db4b4d05788277d"],
        ["SixBirdsNoGo.FiniteProbabilityCoreExample transitive imports (legacy)",
         "0c2b529cca837392"],
        ["SixBirdsNoGo.FiniteProbabilityCoreExample:importAllArts",
         "8031b28d8188ab87"]]]]],
    ["libs",
     [["import dynlibs", "00000000000006bb"],
      ["package external libraries", "00000000000006bb"],
      ["module dynlibs", "00000000000006bb"],
      ["module plugins", "00000000000006bb"]]]]],
  ["Lean 4.28.0, commit 7e01a1bf5c70fc6167d49c345d3bf80596e9a79b",
   "a96bc04a2e5e9630"],
  ["/home/repos/six-birds-no-go/lean/SixBirdsNoGo/ArrowDPIExample.lean",
   "b0ad701302acfa6a"],
  ["options", "00000000000006bb"],
  ["Module.leanArgs: #[]", "00000000000006bb"]],
 "depHash": "489685560d3367a4"}