{"synthetic": false,
 "schemaVersion": "2025-09-10",
 "outputs":
 {"o": ["8790fbab78b4ca53.olean"],
  "i": "256013f22d1caae1.ilean",
  "c": "5d61a2dda9576376.c"},
 "log":
 [{"message":
   ".> LEAN_PATH=/home/repos/six-birds-no-go/lean/.lake/build/lib/lean /home/ioannis/.elan/toolchains/leanprover--lean4---v4.28.0/bin/lean /home/repos/six-birds-no-go/lean/SixBirdsNoGo/BoundedInterfaceNoLadder.lean -o /home/repos/six-birds-no-go/lean/.lake/build/lib/lean/SixBirdsNoGo/BoundedInterfaceNoLadder.olean -i /home/repos/six-birds-no-go/lean/.lake/build/lib/lean/SixBirdsNoGo/BoundedInterfaceNoLadder.ilean -c /home/repos/six-birds-no-go/lean/.lake/build/ir/SixBirdsNoGo/BoundedInterfaceNoLadder.c --setup /home/repos/six-birds-no-go/lean/.lake/build/ir/SixBirdsNoGo/BoundedInterfaceNoLadder.setup.json --json",
   "level": "trace"}],
 "inputs":
 [["SixBirdsNoGo.BoundedInterfaceNoLadder:deps",
   [["deps",
     [["sixbirdsnogo/SixBirdsNoGo:extraDep",
       [["@sixbirdsnogo:extraDep", "00000000000006bb"]]],
      ["imports",
       [["SixBirdsNoGo.Idempotence transitive imports (legacy)",
         "00000000000006bb"],
        ["SixBirdsNoGo.Idempotence:importAllArts", "27e4773495e831c2"],
        ["SixBirdsNoGo.FiniteLensDefinability transitive imports (legacy)",
         "00000000000006bb"],
        ["SixBirdsNoGo.FiniteLensDefinability:importAllArts",
         "142d8765d2a7654c"]]]]],
    ["libs",
     [["import dynlibs", "00000000000006bb"],
      ["package external libraries", "00000000000006bb"],
      ["module dynlibs", "00000000000006bb"],
      ["module plugins", "00000000000006bb"]]]]],
  ["Lean 4.28.0, commit 7e01a1bf5c70fc6167d49c345d3bf80596e9a79b",
   "a96bc04a2e5e9630"],
  ["/home/repos/six-birds-no-go/lean/SixBirdsNoGo/BoundedInterfaceNoLadder.lean",
   "1a6201fcdb5b09ee"],
  ["options", "00000000000006bb"],
  ["Module.leanArgs: #[]", "00000000000006bb"]],
 "depHash": "e1bb4db244e4105a"}