{"synthetic": false,
 "schemaVersion": "2025-09-10",
 "outputs":
 {"o": ["1da2010cfaefa683.olean"],
  "i": "bf281575f800a291.ilean",
  "c": "ceab12b1275ce001.c"},
 "log":
 [{"message":
   ".> LEAN_PATH=/home/repos/six-birds-no-go/lean/.lake/build/lib/lean /home/ioannis/.elan/toolchains/leanprover--lean4---v4.28.0/bin/lean /home/repos/six-birds-no-go/lean/SixBirdsNoGo/BoundedInterfaceNoLadderExample.lean -o /home/repos/six-birds-no-go/lean/.lake/build/lib/lean/SixBirdsNoGo/BoundedInterfaceNoLadderExample.olean -i /home/repos/six-birds-no-go/lean/.lake/build/lib/lean/SixBirdsNoGo/BoundedInterfaceNoLadderExample.ilean -c /home/repos/six-birds-no-go/lean/.lake/build/ir/SixBirdsNoGo/BoundedInterfaceNoLadderExample.c --setup /home/repos/six-birds-no-go/lean/.lake/build/ir/SixBirdsNoGo/BoundedInterfaceNoLadderExample.setup.json --json",
   "level": "trace"},
  {"message":
   "SixBirdsNoGo/BoundedInterfaceNoLadderExample.lean:53:2: try 'simp' instead of 'simpa'\n\nNote: This linter can be disabled with `set_option linter.unnecessarySimpa false`",
   "level": "warning"}],
 "inputs":
 [["SixBirdsNoGo.BoundedInterfaceNoLadderExample:deps",
   [["deps",
     [["sixbirdsnogo/SixBirdsNoGo:extraDep",
       [["@sixbirdsnogo:extraDep", "00000000000006bb"]]],
      ["imports",
       [["SixBirdsNoGo.BoundedInterfaceNoLadder transitive imports (legacy)",
         "59c526c50db39dc6"],
        ["SixBirdsNoGo.BoundedInterfaceNoLadder:importAllArts",
         "6f0e53a5007ae7d6"]]]]],
    ["libs",
     [["import dynlibs", "00000000000006bb"],
      ["package external libraries", "00000000000006bb"],
      ["module dynlibs", "00000000000006bb"],
      ["module plugins", "00000000000006bb"]]]]],
  ["Lean 4.28.0, commit 7e01a1bf5c70fc6167d49c345d3bf80596e9a79b",
   "a96bc04a2e5e9630"],
  ["/home/repos/six-birds-no-go/lean/SixBirdsNoGo/BoundedInterfaceNoLadderExample.lean",
   "0f8a23004ce9d33d"],
  ["options", "00000000000006bb"],
  ["Module.leanArgs: #[]", "00000000000006bb"]],
 "depHash": "1aac6b568d53d705"}