{"synthetic": false,
 "schemaVersion": "2025-09-10",
 "outputs":
 {"o": ["ea048a1f3765f9e4.olean"],
  "i": "cedf3b03ef3f694e.ilean",
  "c": "ab868575c426fa6c.c"},
 "log":
 [{"message":
   ".> LEAN_PATH=/home/repos/six-birds-no-go/lean/.lake/build/lib/lean /home/ioannis/.elan/toolchains/leanprover--lean4---v4.28.0/bin/lean /home/repos/six-birds-no-go/lean/SixBirdsNoGo/ClosureDirectPack.lean -o /home/repos/six-birds-no-go/lean/.lake/build/lib/lean/SixBirdsNoGo/ClosureDirectPack.olean -i /home/repos/six-birds-no-go/lean/.lake/build/lib/lean/SixBirdsNoGo/ClosureDirectPack.ilean -c /home/repos/six-birds-no-go/lean/.lake/build/ir/SixBirdsNoGo/ClosureDirectPack.c --setup /home/repos/six-birds-no-go/lean/.lake/build/ir/SixBirdsNoGo/ClosureDirectPack.setup.json --json",
   "level": "trace"}],
 "inputs":
 [["SixBirdsNoGo.ClosureDirectPack:deps",
   [["deps",
     [["sixbirdsnogo/SixBirdsNoGo:extraDep",
       [["@sixbirdsnogo:extraDep", "00000000000006bb"]]],
      ["imports",
       [["SixBirdsNoGo.ClosureVariationalCore transitive imports (legacy)",
         "9c81221475fb4372"],
        ["SixBirdsNoGo.ClosureVariationalCore:importAllArts",
         "14758dae94a7b858"]]]]],
    ["libs",
     [["import dynlibs", "00000000000006bb"],
      ["package external libraries", "00000000000006bb"],
      ["module dynlibs", "00000000000006bb"],
      ["module plugins", "00000000000006bb"]]]]],
  ["Lean 4.28.0, commit 7e01a1bf5c70fc6167d49c345d3bf80596e9a79b",
   "a96bc04a2e5e9630"],
  ["/home/repos/six-birds-no-go/lean/SixBirdsNoGo/ClosureDirectPack.lean",
   "63230a3a86630839"],
  ["options", "00000000000006bb"],
  ["Module.leanArgs: #[]", "00000000000006bb"]],
 "depHash": "bd728030c8e463b5"}