{"synthetic": false,
 "schemaVersion": "2025-09-10",
 "outputs":
 {"o": ["2486a42300e83e3a.olean"],
  "i": "fe15831a28ca3aca.ilean",
  "c": "df2922e7e9ac4c11.c"},
 "log":
 [{"message":
   ".> LEAN_PATH=/home/repos/six-birds-no-go/lean/.lake/build/lib/lean /home/ioannis/.elan/toolchains/leanprover--lean4---v4.28.0/bin/lean /home/repos/six-birds-no-go/lean/SixBirdsNoGo/ClosureDirectPackExample.lean -o /home/repos/six-birds-no-go/lean/.lake/build/lib/lean/SixBirdsNoGo/ClosureDirectPackExample.olean -i /home/repos/six-birds-no-go/lean/.lake/build/lib/lean/SixBirdsNoGo/ClosureDirectPackExample.ilean -c /home/repos/six-birds-no-go/lean/.lake/build/ir/SixBirdsNoGo/ClosureDirectPackExample.c --setup /home/repos/six-birds-no-go/lean/.lake/build/ir/SixBirdsNoGo/ClosureDirectPackExample.setup.json --json",
   "level": "trace"}],
 "inputs":
 [["SixBirdsNoGo.ClosureDirectPackExample:deps",
   [["deps",
     [["sixbirdsnogo/SixBirdsNoGo:extraDep",
       [["@sixbirdsnogo:extraDep", "00000000000006bb"]]],
      ["imports",
       [["SixBirdsNoGo.ClosureDirectPack transitive imports (legacy)",
         "cd63730f053c35f6"],
        ["SixBirdsNoGo.ClosureDirectPack:importAllArts", "544de47f45470d7b"],
        ["SixBirdsNoGo.ClosureVariationalCoreExample transitive imports (legacy)",
         "633c694b92c7a529"],
        ["SixBirdsNoGo.ClosureVariationalCoreExample:importAllArts",
         "5d25b6b44fa32918"]]]]],
    ["libs",
     [["import dynlibs", "00000000000006bb"],
      ["package external libraries", "00000000000006bb"],
      ["module dynlibs", "00000000000006bb"],
      ["module plugins", "00000000000006bb"]]]]],
  ["Lean 4.28.0, commit 7e01a1bf5c70fc6167d49c345d3bf80596e9a79b",
   "a96bc04a2e5e9630"],
  ["/home/repos/six-birds-no-go/lean/SixBirdsNoGo/ClosureDirectPackExample.lean",
   "9f1ff57a68c48b65"],
  ["options", "00000000000006bb"],
  ["Module.leanArgs: #[]", "00000000000006bb"]],
 "depHash": "2819035aa5eb3c71"}