{"synthetic": false,
 "schemaVersion": "2025-09-10",
 "outputs":
 {"o": ["af145cf6e1a203f0.olean"],
  "i": "a0817d02fd79c394.ilean",
  "c": "b1649cc64227fe0b.c"},
 "log":
 [{"message":
   ".> LEAN_PATH=/home/repos/six-birds-no-go/lean/.lake/build/lib/lean /home/ioannis/.elan/toolchains/leanprover--lean4---v4.28.0/bin/lean /home/repos/six-birds-no-go/lean/SixBirdsNoGo/ClosureVariationalCoreExample.lean -o /home/repos/six-birds-no-go/lean/.lake/build/lib/lean/SixBirdsNoGo/ClosureVariationalCoreExample.olean -i /home/repos/six-birds-no-go/lean/.lake/build/lib/lean/SixBirdsNoGo/ClosureVariationalCoreExample.ilean -c /home/repos/six-birds-no-go/lean/.lake/build/ir/SixBirdsNoGo/ClosureVariationalCoreExample.c --setup /home/repos/six-birds-no-go/lean/.lake/build/ir/SixBirdsNoGo/ClosureVariationalCoreExample.setup.json --json",
   "level": "trace"}],
 "inputs":
 [["SixBirdsNoGo.ClosureVariationalCoreExample:deps",
   [["deps",
     [["sixbirdsnogo/SixBirdsNoGo:extraDep",
       [["@sixbirdsnogo:extraDep", "00000000000006bb"]]],
      ["imports",
       [["SixBirdsNoGo.ClosureVariationalCore transitive imports (legacy)",
         "9c81221475fb4372"],
        ["SixBirdsNoGo.ClosureVariationalCore:importAllArts",
         "14758dae94a7b858"],
        ["SixBirdsNoGo.FiniteProbabilityCoreExample transitive imports (legacy)",
         "0c2b529cca837392"],
        ["SixBirdsNoGo.FiniteProbabilityCoreExample:importAllArts",
         "8031b28d8188ab87"],
        ["SixBirdsNoGo.FiniteKLDPIExample transitive imports (legacy)",
         "43b595d73cf236e7"],
        ["SixBirdsNoGo.FiniteKLDPIExample:importAllArts",
         "2db4b4d05788277d"]]]]],
    ["libs",
     [["import dynlibs", "00000000000006bb"],
      ["package external libraries", "00000000000006bb"],
      ["module dynlibs", "00000000000006bb"],
      ["module plugins", "00000000000006bb"]]]]],
  ["Lean 4.28.0, commit 7e01a1bf5c70fc6167d49c345d3bf80596e9a79b",
   "a96bc04a2e5e9630"],
  ["/home/repos/six-birds-no-go/lean/SixBirdsNoGo/ClosureVariationalCoreExample.lean",
   "dfa7da0612114658"],
  ["options", "00000000000006bb"],
  ["Module.leanArgs: #[]", "00000000000006bb"]],
 "depHash": "a0e3b72e50168e09"}