{"synthetic": false,
 "schemaVersion": "2025-09-10",
 "outputs":
 {"o": ["17853ac7296d7a48.olean"],
  "i": "9035ce0daeef4715.ilean",
  "c": "20518b66512d1b9a.c"},
 "log":
 [{"message":
   ".> LEAN_PATH=/home/repos/six-birds-no-go/lean/.lake/build/lib/lean /home/ioannis/.elan/toolchains/leanprover--lean4---v4.28.0/bin/lean /home/repos/six-birds-no-go/lean/SixBirdsNoGo/ClosureVariationalCore.lean -o /home/repos/six-birds-no-go/lean/.lake/build/lib/lean/SixBirdsNoGo/ClosureVariationalCore.olean -i /home/repos/six-birds-no-go/lean/.lake/build/lib/lean/SixBirdsNoGo/ClosureVariationalCore.ilean -c /home/repos/six-birds-no-go/lean/.lake/build/ir/SixBirdsNoGo/ClosureVariationalCore.c --setup /home/repos/six-birds-no-go/lean/.lake/build/ir/SixBirdsNoGo/ClosureVariationalCore.setup.json --json",
   "level": "trace"}],
 "inputs":
 [["SixBirdsNoGo.ClosureVariationalCore:deps",
   [["deps",
     [["sixbirdsnogo/SixBirdsNoGo:extraDep",
       [["@sixbirdsnogo:extraDep", "00000000000006bb"]]],
      ["imports",
       [["SixBirdsNoGo.FiniteProbabilityCore transitive imports (legacy)",
         "00000000000006bb"],
        ["SixBirdsNoGo.FiniteProbabilityCore:importAllArts",
         "fe010edbcbe49a62"],
        ["SixBirdsNoGo.FiniteKLDPI transitive imports (legacy)",
         "0c2b529cca837392"],
        ["SixBirdsNoGo.FiniteKLDPI:importAllArts", "d4a9e6046d0fdd38"]]]]],
    ["libs",
     [["import dynlibs", "00000000000006bb"],
      ["package external libraries", "00000000000006bb"],
      ["module dynlibs", "00000000000006bb"],
      ["module plugins", "00000000000006bb"]]]]],
  ["Lean 4.28.0, commit 7e01a1bf5c70fc6167d49c345d3bf80596e9a79b",
   "a96bc04a2e5e9630"],
  ["/home/repos/six-birds-no-go/lean/SixBirdsNoGo/ClosureVariationalCore.lean",
   "47791539503069aa"],
  ["options", "00000000000006bb"],
  ["Module.leanArgs: #[]", "00000000000006bb"]],
 "depHash": "c0ef7661a26d4a93"}