{"synthetic": false,
 "schemaVersion": "2025-09-10",
 "outputs":
 {"o": ["789dba1826161c56.olean"],
  "i": "fac8d25b9288355f.ilean",
  "c": "25191ad2a94d4b17.c"},
 "log":
 [{"message":
   ".> LEAN_PATH=/home/repos/six-birds-no-go/lean/.lake/build/lib/lean /home/ioannis/.elan/toolchains/leanprover--lean4---v4.28.0/bin/lean /home/repos/six-birds-no-go/lean/SixBirdsNoGo/FiniteKLDPIExample.lean -o /home/repos/six-birds-no-go/lean/.lake/build/lib/lean/SixBirdsNoGo/FiniteKLDPIExample.olean -i /home/repos/six-birds-no-go/lean/.lake/build/lib/lean/SixBirdsNoGo/FiniteKLDPIExample.ilean -c /home/repos/six-birds-no-go/lean/.lake/build/ir/SixBirdsNoGo/FiniteKLDPIExample.c --setup /home/repos/six-birds-no-go/lean/.lake/build/ir/SixBirdsNoGo/FiniteKLDPIExample.setup.json --json",
   "level": "trace"}],
 "inputs":
 [["SixBirdsNoGo.FiniteKLDPIExample:deps",
   [["deps",
     [["sixbirdsnogo/SixBirdsNoGo:extraDep",
       [["@sixbirdsnogo:extraDep", "00000000000006bb"]]],
      ["imports",
       [["SixBirdsNoGo.FiniteKLDPI transitive imports (legacy)",
         "0c2b529cca837392"],
        ["SixBirdsNoGo.FiniteKLDPI:importAllArts", "d4a9e6046d0fdd38"],
        ["SixBirdsNoGo.FiniteProbabilityCoreExample transitive imports (legacy)",
         "0c2b529cca837392"],
        ["SixBirdsNoGo.FiniteProbabilityCoreExample:importAllArts",
         "8031b28d8188ab87"]]]]],
    ["libs",
     [["import dynlibs", "00000000000006bb"],
      ["package external libraries", "00000000000006bb"],
      ["module dynlibs", "00000000000006bb"],
      ["module plugins", "00000000000006bb"]]]]],
  ["Lean 4.28.0, commit 7e01a1bf5c70fc6167d49c345d3bf80596e9a79b",
   "a96bc04a2e5e9630"],
  ["/home/repos/six-birds-no-go/lean/SixBirdsNoGo/FiniteKLDPIExample.lean",
   "4b960e94cdcbc703"],
  ["options", "00000000000006bb"],
  ["Module.leanArgs: #[]", "00000000000006bb"]],
 "depHash": "b5e68f9ba2e8bd69"}