{"synthetic": false,
 "schemaVersion": "2025-09-10",
 "outputs":
 {"o": ["3b4090c4d4d4afb4.olean"],
  "i": "d8e3b9cec16383a7.ilean",
  "c": "cfc7c20b12bbae91.c"},
 "log":
 [{"message":
   ".> LEAN_PATH=/home/repos/six-birds-no-go/lean/.lake/build/lib/lean /home/ioannis/.elan/toolchains/leanprover--lean4---v4.28.0/bin/lean /home/repos/six-birds-no-go/lean/SixBirdsNoGo/FiniteLensDefinabilityExample.lean -o /home/repos/six-birds-no-go/lean/.lake/build/lib/lean/SixBirdsNoGo/FiniteLensDefinabilityExample.olean -i /home/repos/six-birds-no-go/lean/.lake/build/lib/lean/SixBirdsNoGo/FiniteLensDefinabilityExample.ilean -c /home/repos/six-birds-no-go/lean/.lake/build/ir/SixBirdsNoGo/FiniteLensDefinabilityExample.c --setup /home/repos/six-birds-no-go/lean/.lake/build/ir/SixBirdsNoGo/FiniteLensDefinabilityExample.setup.json --json",
   "level": "trace"},
  {"message":
   "SixBirdsNoGo/FiniteLensDefinabilityExample.lean:29:2: try 'simp' instead of 'simpa'\n\nNote: This linter can be disabled with `set_option linter.unnecessarySimpa false`",
   "level": "warning"}],
 "inputs":
 [["SixBirdsNoGo.FiniteLensDefinabilityExample:deps",
   [["deps",
     [["sixbirdsnogo/SixBirdsNoGo:extraDep",
       [["@sixbirdsnogo:extraDep", "00000000000006bb"]]],
      ["imports",
       [["SixBirdsNoGo.FiniteLensDefinability transitive imports (legacy)",
         "00000000000006bb"],
        ["SixBirdsNoGo.FiniteLensDefinability:importAllArts",
         "142d8765d2a7654c"]]]]],
    ["libs",
     [["import dynlibs", "00000000000006bb"],
      ["package external libraries", "00000000000006bb"],
      ["module dynlibs", "00000000000006bb"],
      ["module plugins", "00000000000006bb"]]]]],
  ["Lean 4.28.0, commit 7e01a1bf5c70fc6167d49c345d3bf80596e9a79b",
   "a96bc04a2e5e9630"],
  ["/home/repos/six-birds-no-go/lean/SixBirdsNoGo/FiniteLensDefinabilityExample.lean",
   "b0fb69b815556fd3"],
  ["options", "00000000000006bb"],
  ["Module.leanArgs: #[]", "00000000000006bb"]],
 "depHash": "6d698ecafd515c6b"}