{"synthetic": false,
 "schemaVersion": "2025-09-10",
 "outputs":
 {"o": ["16a01b38a9a6925e.olean"],
  "i": "f51a87a25df98c4b.ilean",
  "c": "5188be98968a57ba.c"},
 "log":
 [{"message":
   ".> LEAN_PATH=/home/repos/six-birds-no-go/lean/.lake/build/lib/lean /home/ioannis/.elan/toolchains/leanprover--lean4---v4.28.0/bin/lean /home/repos/six-birds-no-go/lean/SixBirdsNoGo/FiniteKLDPI.lean -o /home/repos/six-birds-no-go/lean/.lake/build/lib/lean/SixBirdsNoGo/FiniteKLDPI.olean -i /home/repos/six-birds-no-go/lean/.lake/build/lib/lean/SixBirdsNoGo/FiniteKLDPI.ilean -c /home/repos/six-birds-no-go/lean/.lake/build/ir/SixBirdsNoGo/FiniteKLDPI.c --setup /home/repos/six-birds-no-go/lean/.lake/build/ir/SixBirdsNoGo/FiniteKLDPI.setup.json --json",
   "level": "trace"}],
 "inputs":
 [["SixBirdsNoGo.FiniteKLDPI:deps",
   [["deps",
     [["sixbirdsnogo/SixBirdsNoGo:extraDep",
       [["@sixbirdsnogo:extraDep", "00000000000006bb"]]],
      ["imports",
       [["SixBirdsNoGo.FiniteProbabilityCore transitive imports (legacy)",
         "00000000000006bb"],
        ["SixBirdsNoGo.FiniteProbabilityCore:importAllArts",
         "fe010edbcbe49a62"]]]]],
    ["libs",
     [["import dynlibs", "00000000000006bb"],
      ["package external libraries", "00000000000006bb"],
      ["module dynlibs", "00000000000006bb"],
      ["module plugins", "00000000000006bb"]]]]],
  ["Lean 4.28.0, commit 7e01a1bf5c70fc6167d49c345d3bf80596e9a79b",
   "a96bc04a2e5e9630"],
  ["/home/repos/six-birds-no-go/lean/SixBirdsNoGo/FiniteKLDPI.lean",
   "2956f565713a02bf"],
  ["options", "00000000000006bb"],
  ["Module.leanArgs: #[]", "00000000000006bb"]],
 "depHash": "f507166985072560"}