{"synthetic": false,
 "schemaVersion": "2025-09-10",
 "outputs":
 {"o": ["4e2ffb8486013f0d.olean"],
  "i": "80c6818322284637.ilean",
  "c": "f1430062434b33fe.c"},
 "log":
 [{"message":
   ".> LEAN_PATH=/home/repos/six-birds-no-go/lean/.lake/build/lib/lean /home/ioannis/.elan/toolchains/leanprover--lean4---v4.28.0/bin/lean /home/repos/six-birds-no-go/lean/SixBirdsNoGo/ForestForceBridgeExample.lean -o /home/repos/six-birds-no-go/lean/.lake/build/lib/lean/SixBirdsNoGo/ForestForceBridgeExample.olean -i /home/repos/six-birds-no-go/lean/.lake/build/lib/lean/SixBirdsNoGo/ForestForceBridgeExample.ilean -c /home/repos/six-birds-no-go/lean/.lake/build/ir/SixBirdsNoGo/ForestForceBridgeExample.c --setup /home/repos/six-birds-no-go/lean/.lake/build/ir/SixBirdsNoGo/ForestForceBridgeExample.setup.json --json",
   "level": "trace"}],
 "inputs":
 [["SixBirdsNoGo.ForestForceBridgeExample:deps",
   [["deps",
     [["sixbirdsnogo/SixBirdsNoGo:extraDep",
       [["@sixbirdsnogo:extraDep", "00000000000006bb"]]],
      ["imports",
       [["SixBirdsNoGo.ForestForceBridge transitive imports (legacy)",
         "013f96610c999899"],
        ["SixBirdsNoGo.ForestForceBridge:importAllArts",
         "7f9da3c06e97c3d9"]]]]],
    ["libs",
     [["import dynlibs", "00000000000006bb"],
      ["package external libraries", "00000000000006bb"],
      ["module dynlibs", "00000000000006bb"],
      ["module plugins", "00000000000006bb"]]]]],
  ["Lean 4.28.0, commit 7e01a1bf5c70fc6167d49c345d3bf80596e9a79b",
   "a96bc04a2e5e9630"],
  ["/home/repos/six-birds-no-go/lean/SixBirdsNoGo/ForestForceBridgeExample.lean",
   "7983b397d91fc7f2"],
  ["options", "00000000000006bb"],
  ["Module.leanArgs: #[]", "00000000000006bb"]],
 "depHash": "fb9ca36221932c17"}