{"synthetic": false,
 "schemaVersion": "2025-09-10",
 "outputs":
 {"o": ["714f1f0ce1d784f0.olean"],
  "i": "b562c26ce9270431.ilean",
  "c": "bd5e449f2201e836.c"},
 "log":
 [{"message":
   ".> LEAN_PATH=/home/repos/six-birds-no-go/lean/.lake/build/lib/lean /home/ioannis/.elan/toolchains/leanprover--lean4---v4.28.0/bin/lean /home/repos/six-birds-no-go/lean/SixBirdsNoGo/ForestForceBridge.lean -o /home/repos/six-birds-no-go/lean/.lake/build/lib/lean/SixBirdsNoGo/ForestForceBridge.olean -i /home/repos/six-birds-no-go/lean/.lake/build/lib/lean/SixBirdsNoGo/ForestForceBridge.ilean -c /home/repos/six-birds-no-go/lean/.lake/build/ir/SixBirdsNoGo/ForestForceBridge.c --setup /home/repos/six-birds-no-go/lean/.lake/build/ir/SixBirdsNoGo/ForestForceBridge.setup.json --json",
   "level": "trace"}],
 "inputs":
 [["SixBirdsNoGo.ForestForceBridge:deps",
   [["deps",
     [["sixbirdsnogo/SixBirdsNoGo:extraDep",
       [["@sixbirdsnogo:extraDep", "00000000000006bb"]]],
      ["imports",
       [["SixBirdsNoGo.TreeExactness transitive imports (legacy)",
         "00000000000006bb"],
        ["SixBirdsNoGo.TreeExactness:importAllArts", "dca903d4f915df5c"],
        ["SixBirdsNoGo.ClosedWalkExactness transitive imports (legacy)",
         "00000000000006bb"],
        ["SixBirdsNoGo.ClosedWalkExactness:importAllArts",
         "f734c71cee073eed"]]]]],
    ["libs",
     [["import dynlibs", "00000000000006bb"],
      ["package external libraries", "00000000000006bb"],
      ["module dynlibs", "00000000000006bb"],
      ["module plugins", "00000000000006bb"]]]]],
  ["Lean 4.28.0, commit 7e01a1bf5c70fc6167d49c345d3bf80596e9a79b",
   "a96bc04a2e5e9630"],
  ["/home/repos/six-birds-no-go/lean/SixBirdsNoGo/ForestForceBridge.lean",
   "d0f1a4474eee079b"],
  ["options", "00000000000006bb"],
  ["Module.leanArgs: #[]", "00000000000006bb"]],
 "depHash": "45f3a35b9a6f92f3"}