{"synthetic": false,
 "schemaVersion": "2025-09-10",
 "outputs":
 {"o": ["54b20669ad765044.olean"],
  "i": "514445a9f3c2fd81.ilean",
  "c": "1d8fc8622bf61bb8.c"},
 "log":
 [{"message":
   ".> LEAN_PATH=/home/repos/six-birds-no-go/lean/.lake/build/lib/lean /home/ioannis/.elan/toolchains/leanprover--lean4---v4.28.0/bin/lean /home/repos/six-birds-no-go/lean/SixBirdsNoGo/Idempotence.lean -o /home/repos/six-birds-no-go/lean/.lake/build/lib/lean/SixBirdsNoGo/Idempotence.olean -i /home/repos/six-birds-no-go/lean/.lake/build/lib/lean/SixBirdsNoGo/Idempotence.ilean -c /home/repos/six-birds-no-go/lean/.lake/build/ir/SixBirdsNoGo/Idempotence.c --setup /home/repos/six-birds-no-go/lean/.lake/build/ir/SixBirdsNoGo/Idempotence.setup.json --json",
   "level": "trace"}],
 "inputs":
 [["SixBirdsNoGo.Idempotence:deps",
   [["deps",
     [["sixbirdsnogo/SixBirdsNoGo:extraDep",
       [["@sixbirdsnogo:extraDep", "00000000000006bb"]]],
      ["imports", "00000000000006bb"]]],
    ["libs",
     [["import dynlibs", "00000000000006bb"],
      ["package external libraries", "00000000000006bb"],
      ["module dynlibs", "00000000000006bb"],
      ["module plugins", "00000000000006bb"]]]]],
  ["Lean 4.28.0, commit 7e01a1bf5c70fc6167d49c345d3bf80596e9a79b",
   "a96bc04a2e5e9630"],
  ["/home/repos/six-birds-no-go/lean/SixBirdsNoGo/Idempotence.lean",
   "6d3194ee34af22eb"],
  ["options", "00000000000006bb"],
  ["Module.leanArgs: #[]", "00000000000006bb"]],
 "depHash": "6710d326eb1110ab"}