{"synthetic": false,
 "schemaVersion": "2025-09-10",
 "outputs":
 {"o": ["beeb67c472104887.olean"],
  "i": "34cb8b99ab07e4f2.ilean",
  "c": "bbe7d2e64065fb64.c"},
 "log":
 [{"message":
   ".> LEAN_PATH=/home/repos/six-birds-no-go/lean/.lake/build/lib/lean /home/ioannis/.elan/toolchains/leanprover--lean4---v4.28.0/bin/lean /home/repos/six-birds-no-go/lean/SixBirdsNoGo/ProtocolTrap.lean -o /home/repos/six-birds-no-go/lean/.lake/build/lib/lean/SixBirdsNoGo/ProtocolTrap.olean -i /home/repos/six-birds-no-go/lean/.lake/build/lib/lean/SixBirdsNoGo/ProtocolTrap.ilean -c /home/repos/six-birds-no-go/lean/.lake/build/ir/SixBirdsNoGo/ProtocolTrap.c --setup /home/repos/six-birds-no-go/lean/.lake/build/ir/SixBirdsNoGo/ProtocolTrap.setup.json --json",
   "level": "trace"}],
 "inputs":
 [["SixBirdsNoGo.ProtocolTrap:deps",
   [["deps",
     [["sixbirdsnogo/SixBirdsNoGo:extraDep",
       [["@sixbirdsnogo:extraDep", "00000000000006bb"]]],
      ["imports",
       [["SixBirdsNoGo.ArrowDPI transitive imports (legacy)",
         "ba97e2a92758e12b"],
        ["SixBirdsNoGo.ArrowDPI:importAllArts", "bb727bbf8eafda44"],
        ["SixBirdsNoGo.FiniteProbabilityCore transitive imports (legacy)",
         "00000000000006bb"],
        ["SixBirdsNoGo.FiniteProbabilityCore:importAllArts",
         "fe010edbcbe49a62"]]]]],
    ["libs",
     [["import dynlibs", "00000000000006bb"],
      ["package external libraries", "00000000000006bb"],
      ["module dynlibs", "00000000000006bb"],
      ["module plugins", "00000000000006bb"]]]]],
  ["Lean 4.28.0, commit 7e01a1bf5c70fc6167d49c345d3bf80596e9a79b",
   "a96bc04a2e5e9630"],
  ["/home/repos/six-birds-no-go/lean/SixBirdsNoGo/ProtocolTrap.lean",
   "9e3a6dd70c3c401b"],
  ["options", "00000000000006bb"],
  ["Module.leanArgs: #[]", "00000000000006bb"]],
 "depHash": "70c240a2a052db84"}