{"synthetic": false,
 "schemaVersion": "2025-09-10",
 "outputs":
 {"o": ["8ba40436c502d076.olean"],
  "i": "d136e672f6a3b09f.ilean",
  "c": "fbb0158afa8c7af7.c"},
 "log":
 [{"message":
   ".> LEAN_PATH=/home/repos/six-birds-no-go/lean/.lake/build/lib/lean /home/ioannis/.elan/toolchains/leanprover--lean4---v4.28.0/bin/lean /home/repos/six-birds-no-go/lean/SixBirdsNoGo/ProtocolTrapExample.lean -o /home/repos/six-birds-no-go/lean/.lake/build/lib/lean/SixBirdsNoGo/ProtocolTrapExample.olean -i /home/repos/six-birds-no-go/lean/.lake/build/lib/lean/SixBirdsNoGo/ProtocolTrapExample.ilean -c /home/repos/six-birds-no-go/lean/.lake/build/ir/SixBirdsNoGo/ProtocolTrapExample.c --setup /home/repos/six-birds-no-go/lean/.lake/build/ir/SixBirdsNoGo/ProtocolTrapExample.setup.json --json",
   "level": "trace"}],
 "inputs":
 [["SixBirdsNoGo.ProtocolTrapExample:deps",
   [["deps",
     [["sixbirdsnogo/SixBirdsNoGo:extraDep",
       [["@sixbirdsnogo:extraDep", "00000000000006bb"]]],
      ["imports",
       [["SixBirdsNoGo.ProtocolTrap transitive imports (legacy)",
         "c8024af5cf4976ec"],
        ["SixBirdsNoGo.ProtocolTrap:importAllArts", "5cd383bdab379a9a"],
        ["SixBirdsNoGo.ArrowDPIExample transitive imports (legacy)",
         "02eec94328f72a4a"],
        ["SixBirdsNoGo.ArrowDPIExample:importAllArts", "b57f642789a79276"]]]]],
    ["libs",
     [["import dynlibs", "00000000000006bb"],
      ["package external libraries", "00000000000006bb"],
      ["module dynlibs", "00000000000006bb"],
      ["module plugins", "00000000000006bb"]]]]],
  ["Lean 4.28.0, commit 7e01a1bf5c70fc6167d49c345d3bf80596e9a79b",
   "a96bc04a2e5e9630"],
  ["/home/repos/six-birds-no-go/lean/SixBirdsNoGo/ProtocolTrapExample.lean",
   "b65ea6764716ab96"],
  ["options", "00000000000006bb"],
  ["Module.leanArgs: #[]", "00000000000006bb"]],
 "depHash": "0c5d5c1c570bf8c9"}