{"synthetic": false,
 "schemaVersion": "2025-09-10",
 "outputs":
 {"o": ["5ef31d29a50f2d16.olean"],
  "i": "6f3ae5e5b3aa3982.ilean",
  "c": "6b59fc3168043095.c"},
 "log":
 [{"message":
   ".> LEAN_PATH=/home/repos/six-birds-no-go/lean/.lake/build/lib/lean /home/ioannis/.elan/toolchains/leanprover--lean4---v4.28.0/bin/lean /home/repos/six-birds-no-go/lean/SixBirdsNoGo.lean -o /home/repos/six-birds-no-go/lean/.lake/build/lib/lean/SixBirdsNoGo.olean -i /home/repos/six-birds-no-go/lean/.lake/build/lib/lean/SixBirdsNoGo.ilean -c /home/repos/six-birds-no-go/lean/.lake/build/ir/SixBirdsNoGo.c --setup /home/repos/six-birds-no-go/lean/.lake/build/ir/SixBirdsNoGo.setup.json --json",
   "level": "trace"}],
 "inputs":
 [["SixBirdsNoGo:deps",
   [["deps",
     [["sixbirdsnogo/SixBirdsNoGo:extraDep",
       [["@sixbirdsnogo:extraDep", "00000000000006bb"]]],
      ["imports",
       [["SixBirdsNoGo.Idempotence transitive imports (legacy)",
         "00000000000006bb"],
        ["SixBirdsNoGo.Idempotence:importAllArts", "27e4773495e831c2"],
        ["SixBirdsNoGo.TreeExactness transitive imports (legacy)",
         "00000000000006bb"],
        ["SixBirdsNoGo.TreeExactness:importAllArts", "dca903d4f915df5c"],
        ["SixBirdsNoGo.TreeExactnessExample transitive imports (legacy)",
         "84106b6a311e1eb7"],
        ["SixBirdsNoGo.TreeExactnessExample:importAllArts", "b651f1bff83f9790"],
        ["SixBirdsNoGo.ClosedWalkExactness transitive imports (legacy)",
         "00000000000006bb"],
        ["SixBirdsNoGo.ClosedWalkExactness:importAllArts", "f734c71cee073eed"],
        ["SixBirdsNoGo.ClosedWalkExactnessExample transitive imports (legacy)",
         "97c710254fcfcbed"],
        ["SixBirdsNoGo.ClosedWalkExactnessExample:importAllArts",
         "59f59b8440137f5c"],
        ["SixBirdsNoGo.ForestForceBridge transitive imports (legacy)",
         "013f96610c999899"],
        ["SixBirdsNoGo.ForestForceBridge:importAllArts", "7f9da3c06e97c3d9"],
        ["SixBirdsNoGo.ForestForceBridgeExample transitive imports (legacy)",
         "e977a84b00c3abac"],
        ["SixBirdsNoGo.ForestForceBridgeExample:importAllArts",
         "cd0e58ce0ae071fc"],
        ["SixBirdsNoGo.NullForceBridge transitive imports (legacy)",
         "97c710254fcfcbed"],
        ["SixBirdsNoGo.NullForceBridge:importAllArts", "4c712dcdccfcaf01"],
        ["SixBirdsNoGo.NullForceBridgeExample transitive imports (legacy)",
         "fff83930adf07d45"],
        ["SixBirdsNoGo.NullForceBridgeExample:importAllArts",
         "acdd0565bea50821"],
        ["SixBirdsNoGo.FiniteLensDefinability transitive imports (legacy)",
         "00000000000006bb"],
        ["SixBirdsNoGo.FiniteLensDefinability:importAllArts",
         "142d8765d2a7654c"],
        ["SixBirdsNoGo.FiniteLensDefinabilityExample transitive imports (legacy)",
         "378e4f03960c1a4c"],
        ["SixBirdsNoGo.FiniteLensDefinabilityExample:importAllArts",
         "54cb550de742bcb2"],
        ["SixBirdsNoGo.BoundedInterfaceNoLadder transitive imports (legacy)",
         "59c526c50db39dc6"],
        ["SixBirdsNoGo.BoundedInterfaceNoLadder:importAllArts",
         "6f0e53a5007ae7d6"],
        ["SixBirdsNoGo.BoundedInterfaceNoLadderExample transitive imports (legacy)",
         "c8f54cc97543c575"],
        ["SixBirdsNoGo.BoundedInterfaceNoLadderExample:importAllArts",
         "af1de0593e3988ae"],
        ["SixBirdsNoGo.ContractionUniqueness transitive imports (legacy)",
         "00000000000006bb"],
        ["SixBirdsNoGo.ContractionUniqueness:importAllArts",
         "95a3e960c83dca7c"],
        ["SixBirdsNoGo.ContractionUniquenessExample transitive imports (legacy)",
         "533c01ce9c8b5be8"],
        ["SixBirdsNoGo.ContractionUniquenessExample:importAllArts",
         "bfab018fcff5fdd8"],
        ["SixBirdsNoGo.FiniteProbabilityCore transitive imports (legacy)",
         "00000000000006bb"],
        ["SixBirdsNoGo.FiniteProbabilityCore:importAllArts",
         "fe010edbcbe49a62"],
        ["SixBirdsNoGo.FiniteProbabilityCoreExample transitive imports (legacy)",
         "0c2b529cca837392"],
        ["SixBirdsNoGo.FiniteProbabilityCoreExample:importAllArts",
         "8031b28d8188ab87"],
        ["SixBirdsNoGo.FiniteKLDPI transitive imports (legacy)",
         "0c2b529cca837392"],
        ["SixBirdsNoGo.FiniteKLDPI:importAllArts", "d4a9e6046d0fdd38"],
        ["SixBirdsNoGo.FiniteKLDPIExample transitive imports (legacy)",
         "43b595d73cf236e7"],
        ["SixBirdsNoGo.FiniteKLDPIExample:importAllArts", "2db4b4d05788277d"],
        ["SixBirdsNoGo.ArrowDPI transitive imports (legacy)",
         "ba97e2a92758e12b"],
        ["SixBirdsNoGo.ArrowDPI:importAllArts", "bb727bbf8eafda44"],
        ["SixBirdsNoGo.ArrowDPIExample transitive imports (legacy)",
         "02eec94328f72a4a"],
        ["SixBirdsNoGo.ArrowDPIExample:importAllArts", "b57f642789a79276"],
        ["SixBirdsNoGo.ProtocolTrap transitive imports (legacy)",
         "c8024af5cf4976ec"],
        ["SixBirdsNoGo.ProtocolTrap:importAllArts", "5cd383bdab379a9a"],
        ["SixBirdsNoGo.ProtocolTrapExample transitive imports (legacy)",
         "93a7ddafa78b5000"],
        ["SixBirdsNoGo.ProtocolTrapExample:importAllArts", "931ca4b1cb7b6017"],
        ["SixBirdsNoGo.ClosureVariationalCore transitive imports (legacy)",
         "9c81221475fb4372"],
        ["SixBirdsNoGo.ClosureVariationalCore:importAllArts",
         "14758dae94a7b858"],
        ["SixBirdsNoGo.ClosureVariationalCoreExample transitive imports (legacy)",
         "633c694b92c7a529"],
        ["SixBirdsNoGo.ClosureVariationalCoreExample:importAllArts",
         "5d25b6b44fa32918"],
        ["SixBirdsNoGo.ClosureDirectPack transitive imports (legacy)",
         "cd63730f053c35f6"],
        ["SixBirdsNoGo.ClosureDirectPack:importAllArts", "544de47f45470d7b"],
        ["SixBirdsNoGo.ClosureDirectPackExample transitive imports (legacy)",
         "60a6e02d88113918"],
        ["SixBirdsNoGo.ClosureDirectPackExample:importAllArts",
         "da3242aa732dc6b2"]]]]],
    ["libs",
     [["import dynlibs", "00000000000006bb"],
      ["package external libraries", "00000000000006bb"],
      ["module dynlibs", "00000000000006bb"],
      ["module plugins", "00000000000006bb"]]]]],
  ["Lean 4.28.0, commit 7e01a1bf5c70fc6167d49c345d3bf80596e9a79b",
   "a96bc04a2e5e9630"],
  ["/home/repos/six-birds-no-go/lean/SixBirdsNoGo.lean", "fb10378873b21823"],
  ["options", "00000000000006bb"],
  ["Module.leanArgs: #[]", "00000000000006bb"]],
 "depHash": "31472cecbdca1e65"}